# JRE version: Java(TM) SE Runtime Environment (17.0.12+8) (build 17.0.12+8-LTS-286)
# Java VM: Java HotSpot(TM) 64-Bit Server VM (17.0.12+8-LTS-286, mixed mode, sharing, tiered, compressed oops, compressed class ptrs, g1 gc, windows-amd64)
GC Precious Log:
 CPUs: 8 total, 8 available
 Memory: 7991M
 Large Page Support: Disabled
 NUMA Support: Disabled
 Compressed Oops: Enabled (32-bit)
 Heap Region Size: 1M
 Heap Min Capacity: 8M
 Heap Initial Capacity: 126M
 Heap Max Capacity: 2G
 Pre-touch: Disabled
 Parallel Workers: 8
 Concurrent Workers: 2
 Concurrent Refinement Workers: 8
 Periodic GC: Disabled
Heap:
 garbage-first heap   total 107520K, used 35233K [0x0000000080000000, 0x0000000100000000)
  region size 1024K, 4 young (4096K), 4 survivors (4096K)
 Metaspace       used 39063K, committed 39552K, reserved 491520K
  class space    used 5299K, committed 5504K, reserved 425984K
GC Heap History (20 events):
Event: 10.159 GC heap after
{Heap after GC invocations=9 (full 0):
 garbage-first heap   total 89088K, used 32181K [0x0000000080000000, 0x0000000100000000)
  region size 1024K, 2 young (2048K), 2 survivors (2048K)
 Metaspace       used 35683K, committed 36096K, reserved 491520K
  class space    used 4952K, committed 5120K, reserved 425984K
}
Event: 10.450 GC heap before
{Heap before GC invocations=10 (full 0):
 garbage-first heap   total 89088K, used 70069K [0x0000000080000000, 0x0000000100000000)
  region size 1024K, 37 young (37888K), 2 survivors (2048K)
 Metaspace       used 37999K, committed 38528K, reserved 491520K
  class space    used 5218K, committed 5440K, reserved 425984K
}
Event: 10.453 GC heap after
{Heap after GC invocations=11 (full 0):
 garbage-first heap   total 89088K, used 32589K [0x0000000080000000, 0x0000000100000000)
  region size 1024K, 3 young (3072K), 3 survivors (3072K)
 Metaspace       used 37999K, committed 38528K, reserved 491520K
  class space    used 5218K, committed 5440K, reserved 425984K
}
Event: 10.682 GC heap before
{Heap before GC invocations=11 (full 0):
 garbage-first heap   total 89088K, used 68429K [0x0000000080000000, 0x0000000100000000)
  region size 1024K, 38 young (38912K), 3 survivors (3072K)
 Metaspace       used 38880K, committed 39360K, reserved 491520K
  class space    used 5298K, committed 5504K, reserved 425984K
}
Event: 10.684 GC heap after
{Heap after GC invocations=12 (full 0):
 garbage-first heap   total 89088K, used 33025K [0x0000000080000000, 0x0000000100000000)
  region size 1024K, 3 young (3072K), 3 survivors (3072K)
 Metaspace       used 38880K, committed 39360K, reserved 491520K
  class space    used 5298K, committed 5504K, reserved 425984K
}
Event: 10.797 GC heap before
{Heap before GC invocations=12 (full 0):
 garbage-first heap   total 89088K, used 70913K [0x0000000080000000, 0x0000000100000000)
  region size 1024K, 40 young (40960K), 3 survivors (3072K)
 Metaspace       used 38998K, committed 39488K, reserved 491520K
  class space    used 5298K, committed 5504K, reserved 425984K
}
Event: 10.800 GC heap after
{Heap after GC invocations=13 (full 0):
 garbage-first heap   total 89088K, used 33326K [0x0000000080000000, 0x0000000100000000)
  region size 1024K, 3 young (3072K), 3 survivors (3072K)
 Metaspace       used 38998K, committed 39488K, reserved 491520K
  class space    used 5298K, committed 5504K, reserved 425984K
}
Event: 10.924 GC heap before
{Heap before GC invocations=13 (full 0):
 garbage-first heap   total 89088K, used 72238K [0x0000000080000000, 0x0000000100000000)
  region size 1024K, 41 young (41984K), 3 survivors (3072K)
 Metaspace       used 39015K, committed 39488K, reserved 491520K
  class space    used 5298K, committed 5504K, reserved 425984K
}
Event: 10.927 GC heap after
{Heap after GC invocations=14 (full 0):
 garbage-first heap   total 89088K, used 33533K [0x0000000080000000, 0x0000000100000000)
  region size 1024K, 3 young (3072K), 3 survivors (3072K)
 Metaspace       used 39015K, committed 39488K, reserved 491520K
  class space    used 5298K, committed 5504K, reserved 425984K
}
Event: 11.065 GC heap before
{Heap before GC invocations=14 (full 0):
 garbage-first heap   total 89088K, used 73469K [0x0000000080000000, 0x0000000100000000)
  region size 1024K, 42 young (43008K), 3 survivors (3072K)
 Metaspace       used 39037K, committed 39488K, reserved 491520K
  class space    used 5299K, committed 5504K, reserved 425984K
}
Event: 11.068 GC heap after
{Heap after GC invocations=15 (full 0):
 garbage-first heap   total 89088K, used 34023K [0x0000000080000000, 0x0000000100000000)
  region size 1024K, 4 young (4096K), 4 survivors (4096K)
 Metaspace       used 39037K, committed 39488K, reserved 491520K
  class space    used 5299K, committed 5504K, reserved 425984K
}
Event: 11.175 GC heap before
{Heap before GC invocations=15 (full 0):
 garbage-first heap   total 89088K, used 73959K [0x0000000080000000, 0x0000000100000000)
  region size 1024K, 43 young (44032K), 4 survivors (4096K)
 Metaspace       used 39048K, committed 39488K, reserved 491520K
  class space    used 5299K, committed 5504K, reserved 425984K
}
Event: 11.178 GC heap after
{Heap after GC invocations=16 (full 0):
 garbage-first heap   total 107520K, used 33889K [0x0000000080000000, 0x0000000100000000)
  region size 1024K, 3 young (3072K), 3 survivors (3072K)
 Metaspace       used 39048K, committed 39488K, reserved 491520K
  class space    used 5299K, committed 5504K, reserved 425984K
}
Event: 11.339 GC heap before
{Heap before GC invocations=16 (full 0):
 garbage-first heap   total 107520K, used 89185K [0x0000000080000000, 0x0000000100000000)
  region size 1024K, 57 young (58368K), 3 survivors (3072K)
 Metaspace       used 39050K, committed 39552K, reserved 491520K
  class space    used 5299K, committed 5504K, reserved 425984K
}
Event: 11.342 GC heap after
{Heap after GC invocations=17 (full 0):
 garbage-first heap   total 107520K, used 34202K [0x0000000080000000, 0x0000000100000000)
  region size 1024K, 3 young (3072K), 3 survivors (3072K)
 Metaspace       used 39050K, committed 39552K, reserved 491520K
  class space    used 5299K, committed 5504K, reserved 425984K
}
Event: 11.483 GC heap before
{Heap before GC invocations=17 (full 0):
 garbage-first heap   total 107520K, used 90522K [0x0000000080000000, 0x0000000100000000)
  region size 1024K, 58 young (59392K), 3 survivors (3072K)
 Metaspace       used 39058K, committed 39552K, reserved 491520K
  class space    used 5299K, committed 5504K, reserved 425984K
}
Event: 11.484 GC heap after
{Heap after GC invocations=18 (full 0):
 garbage-first heap   total 107520K, used 34474K [0x0000000080000000, 0x0000000100000000)
  region size 1024K, 3 young (3072K), 3 survivors (3072K)
 Metaspace       used 39058K, committed 39552K, reserved 491520K
  class space    used 5299K, committed 5504K, reserved 425984K
}
Event: 11.629 GC heap before
{Heap before GC invocations=18 (full 0):
 garbage-first heap   total 107520K, used 91818K [0x0000000080000000, 0x0000000100000000)
  region size 1024K, 59 young (60416K), 3 survivors (3072K)
 Metaspace       used 39059K, committed 39552K, reserved 491520K
  class space    used 5299K, committed 5504K, reserved 425984K
}
Event: 11.630 GC heap after
{Heap after GC invocations=19 (full 0):
 garbage-first heap   total 107520K, used 34839K [0x0000000080000000, 0x0000000100000000)
  region size 1024K, 3 young (3072K), 3 survivors (3072K)
 Metaspace       used 39059K, committed 39552K, reserved 491520K
  class space    used 5299K, committed 5504K, reserved 425984K
}
Event: 11.787 GC heap before
{Heap before GC invocations=19 (full 0):
 garbage-first heap   total 107520K, used 92183K [0x0000000080000000, 0x0000000100000000)
  region size 1024K, 59 young (60416K), 3 survivors (3072K)
 Metaspace       used 39063K, committed 39552K, reserved 491520K
  class space    used 5299K, committed 5504K, reserved 425984K
}

