# JRE version: Java(TM) SE Runtime Environment (17.0.12+8) (build 17.0.12+8-LTS-286)
# Java VM: Java HotSpot(TM) 64-Bit Server VM (17.0.12+8-LTS-286, mixed mode, sharing, tiered, compressed oops, compressed class ptrs, g1 gc, windows-amd64)
GC Precious Log:
 CPUs: 8 total, 8 available
 Memory: 7991M
 Large Page Support: Disabled
 NUMA Support: Disabled
 Compressed Oops: Enabled (32-bit)
 Heap Region Size: 1M
 Heap Min Capacity: 8M
 Heap Initial Capacity: 126M
 Heap Max Capacity: 2G
 Pre-touch: Disabled
 Parallel Workers: 8
 Concurrent Workers: 2
 Concurrent Refinement Workers: 8
 Periodic GC: Disabled
Heap:
 garbage-first heap   total 390144K, used 82480K [0x0000000080000000, 0x0000000100000000)
  region size 1024K, 2 young (2048K), 2 survivors (2048K)
 Metaspace       used 116154K, committed 116864K, reserved 557056K
  class space    used 14879K, committed 15168K, reserved 425984K
GC Heap History (20 events):
Event: 22.934 GC heap after
{Heap after GC invocations=64 (full 0):
 garbage-first heap   total 211968K, used 72719K [0x0000000080000000, 0x0000000100000000)
  region size 1024K, 3 young (3072K), 3 survivors (3072K)
 Metaspace       used 68686K, committed 69248K, reserved 491520K
  class space    used 9278K, committed 9536K, reserved 425984K
}
Event: 23.861 GC heap before
{Heap before GC invocations=64 (full 0):
 garbage-first heap   total 211968K, used 172047K [0x0000000080000000, 0x0000000100000000)
  region size 1024K, 99 young (101376K), 3 survivors (3072K)
 Metaspace       used 78452K, committed 78976K, reserved 557056K
  class space    used 10444K, committed 10688K, reserved 425984K
}
Event: 23.865 GC heap after
{Heap after GC invocations=65 (full 0):
 garbage-first heap   total 211968K, used 76361K [0x0000000080000000, 0x0000000100000000)
  region size 1024K, 6 young (6144K), 6 survivors (6144K)
 Metaspace       used 78452K, committed 78976K, reserved 557056K
  class space    used 10444K, committed 10688K, reserved 425984K
}
Event: 25.015 GC heap before
{Heap before GC invocations=65 (full 0):
 garbage-first heap   total 211968K, used 171593K [0x0000000080000000, 0x0000000100000000)
  region size 1024K, 99 young (101376K), 6 survivors (6144K)
 Metaspace       used 85671K, committed 86336K, reserved 557056K
  class space    used 11229K, committed 11520K, reserved 425984K
}
Event: 25.024 GC heap after
{Heap after GC invocations=66 (full 0):
 garbage-first heap   total 211968K, used 82768K [0x0000000080000000, 0x0000000100000000)
  region size 1024K, 13 young (13312K), 13 survivors (13312K)
 Metaspace       used 85671K, committed 86336K, reserved 557056K
  class space    used 11229K, committed 11520K, reserved 425984K
}
Event: 25.986 GC heap before
{Heap before GC invocations=66 (full 0):
 garbage-first heap   total 211968K, used 170832K [0x0000000080000000, 0x0000000100000000)
  region size 1024K, 100 young (102400K), 13 survivors (13312K)
 Metaspace       used 97447K, committed 98112K, reserved 557056K
  class space    used 12456K, committed 12736K, reserved 425984K
}
Event: 25.994 GC heap after
{Heap after GC invocations=67 (full 0):
 garbage-first heap   total 211968K, used 86606K [0x0000000080000000, 0x0000000100000000)
  region size 1024K, 5 young (5120K), 5 survivors (5120K)
 Metaspace       used 97447K, committed 98112K, reserved 557056K
  class space    used 12456K, committed 12736K, reserved 425984K
}
Event: 26.221 GC heap before
{Heap before GC invocations=67 (full 0):
 garbage-first heap   total 211968K, used 107086K [0x0000000080000000, 0x0000000100000000)
  region size 1024K, 26 young (26624K), 5 survivors (5120K)
 Metaspace       used 100192K, committed 100800K, reserved 557056K
  class space    used 12705K, committed 12992K, reserved 425984K
}
Event: 26.226 GC heap after
{Heap after GC invocations=68 (full 0):
 garbage-first heap   total 211968K, used 87261K [0x0000000080000000, 0x0000000100000000)
  region size 1024K, 5 young (5120K), 5 survivors (5120K)
 Metaspace       used 100192K, committed 100800K, reserved 557056K
  class space    used 12705K, committed 12992K, reserved 425984K
}
Event: 27.788 GC heap before
{Heap before GC invocations=69 (full 0):
 garbage-first heap   total 211968K, used 162013K [0x0000000080000000, 0x0000000100000000)
  region size 1024K, 79 young (80896K), 5 survivors (5120K)
 Metaspace       used 111936K, committed 112640K, reserved 557056K
  class space    used 14283K, committed 14592K, reserved 425984K
}
Event: 27.794 GC heap after
{Heap after GC invocations=70 (full 0):
 garbage-first heap   total 211968K, used 90687K [0x0000000080000000, 0x0000000100000000)
  region size 1024K, 10 young (10240K), 10 survivors (10240K)
 Metaspace       used 111936K, committed 112640K, reserved 557056K
  class space    used 14283K, committed 14592K, reserved 425984K
}
Event: 27.831 GC heap before
{Heap before GC invocations=70 (full 0):
 garbage-first heap   total 211968K, used 91711K [0x0000000080000000, 0x0000000100000000)
  region size 1024K, 11 young (11264K), 10 survivors (10240K)
 Metaspace       used 112716K, committed 113408K, reserved 557056K
  class space    used 14371K, committed 14656K, reserved 425984K
}
Event: 27.836 GC heap after
{Heap after GC invocations=71 (full 0):
 garbage-first heap   total 211968K, used 89623K [0x0000000080000000, 0x0000000100000000)
  region size 1024K, 2 young (2048K), 2 survivors (2048K)
 Metaspace       used 112716K, committed 113408K, reserved 557056K
  class space    used 14371K, committed 14656K, reserved 425984K
}
Event: 30.037 GC heap before
{Heap before GC invocations=71 (full 0):
 garbage-first heap   total 211968K, used 164375K [0x0000000080000000, 0x0000000100000000)
  region size 1024K, 75 young (76800K), 2 survivors (2048K)
 Metaspace       used 116127K, committed 116864K, reserved 557056K
  class space    used 14876K, committed 15168K, reserved 425984K
}
Event: 30.040 GC heap after
{Heap after GC invocations=72 (full 0):
 garbage-first heap   total 211968K, used 90759K [0x0000000080000000, 0x0000000100000000)
  region size 1024K, 3 young (3072K), 3 survivors (3072K)
 Metaspace       used 116127K, committed 116864K, reserved 557056K
  class space    used 14876K, committed 15168K, reserved 425984K
}
Event: 30.187 GC heap before
{Heap before GC invocations=73 (full 0):
 garbage-first heap   total 211968K, used 168583K [0x0000000080000000, 0x0000000100000000)
  region size 1024K, 79 young (80896K), 3 survivors (3072K)
 Metaspace       used 116154K, committed 116864K, reserved 557056K
  class space    used 14879K, committed 15168K, reserved 425984K
}
Event: 30.191 GC heap after
{Heap after GC invocations=74 (full 0):
 garbage-first heap   total 211968K, used 91655K [0x0000000080000000, 0x0000000100000000)
  region size 1024K, 4 young (4096K), 4 survivors (4096K)
 Metaspace       used 116154K, committed 116864K, reserved 557056K
  class space    used 14879K, committed 15168K, reserved 425984K
}
Event: 30.201 GC heap before
{Heap before GC invocations=74 (full 0):
 garbage-first heap   total 211968K, used 97799K [0x0000000080000000, 0x0000000100000000)
  region size 1024K, 10 young (10240K), 4 survivors (4096K)
 Metaspace       used 116154K, committed 116864K, reserved 557056K
  class space    used 14879K, committed 15168K, reserved 425984K
}
Event: 30.204 GC heap after
{Heap after GC invocations=75 (full 0):
 garbage-first heap   total 211968K, used 81619K [0x0000000080000000, 0x0000000100000000)
  region size 1024K, 1 young (1024K), 1 survivors (1024K)
 Metaspace       used 116154K, committed 116864K, reserved 557056K
  class space    used 14879K, committed 15168K, reserved 425984K
}
Event: 30.347 GC heap before
{Heap before GC invocations=75 (full 0):
 garbage-first heap   total 211968K, used 169683K [0x0000000080000000, 0x0000000100000000)
  region size 1024K, 87 young (89088K), 1 survivors (1024K)
 Metaspace       used 116154K, committed 116864K, reserved 557056K
  class space    used 14879K, committed 15168K, reserved 425984K
}

